Training a BOW model.
Loading data...
Loading vocabulary from training data
Permute is turned off.
Training new model with seed 0
==================================================
Shuffling training data
Iter 1000: loss=5887.2240, time=1.25s
iter 1000: dev acc=0.1889
new highscore
Iter 2000: loss=5599.4034, time=2.93s
iter 2000: dev acc=0.1953
new highscore
Iter 3000: loss=5235.8174, time=4.49s
iter 3000: dev acc=0.1998
new highscore
Iter 4000: loss=4656.1819, time=6.03s
iter 4000: dev acc=0.2107
new highscore
Iter 5000: loss=4723.8164, time=7.64s
iter 5000: dev acc=0.2134
new highscore
Iter 6000: loss=4464.1821, time=9.20s
iter 6000: dev acc=0.2153
new highscore
Iter 7000: loss=4477.2147, time=10.79s
iter 7000: dev acc=0.2162
new highscore
Iter 8000: loss=4534.3707, time=12.33s
iter 8000: dev acc=0.2134
Shuffling training data
Iter 9000: loss=4276.6310, time=13.87s
iter 9000: dev acc=0.2162
Iter 10000: loss=4048.7446, time=15.40s
iter 10000: dev acc=0.2216
new highscore
Iter 11000: loss=4052.8326, time=16.94s
iter 11000: dev acc=0.2271
new highscore
Iter 12000: loss=3906.6552, time=18.54s
iter 12000: dev acc=0.2289
new highscore
Iter 13000: loss=4114.5408, time=20.08s
iter 13000: dev acc=0.2307
new highscore
Iter 14000: loss=4011.5762, time=21.68s
iter 14000: dev acc=0.2289
Iter 15000: loss=4064.1202, time=23.21s
iter 15000: dev acc=0.2325
new highscore
Iter 16000: loss=4008.6100, time=24.76s
iter 16000: dev acc=0.2343
new highscore
Iter 17000: loss=3805.4267, time=26.30s
iter 17000: dev acc=0.2343
Shuffling training data
Iter 18000: loss=3663.6410, time=27.95s
iter 18000: dev acc=0.2325
Iter 19000: loss=3593.8766, time=29.48s
iter 19000: dev acc=0.2343
Iter 20000: loss=3363.6948, time=31.01s
iter 20000: dev acc=0.2343
Iter 21000: loss=3552.3755, time=32.54s
iter 21000: dev acc=0.2352
new highscore
Iter 22000: loss=3597.6212, time=34.14s
iter 22000: dev acc=0.2380
new highscore
Iter 23000: loss=3399.0370, time=35.68s
iter 23000: dev acc=0.2371
Iter 24000: loss=3409.8731, time=37.21s
iter 24000: dev acc=0.2380
Iter 25000: loss=3493.1932, time=38.74s
iter 25000: dev acc=0.2407
new highscore
Shuffling training data
Iter 26000: loss=3309.0588, time=40.30s
iter 26000: dev acc=0.2407
Iter 27000: loss=3185.4875, time=41.83s
iter 27000: dev acc=0.2398
Iter 28000: loss=3135.8888, time=43.39s
iter 28000: dev acc=0.2434
new highscore
Iter 29000: loss=3242.1136, time=44.92s
iter 29000: dev acc=0.2389
Iter 30000: loss=2987.0213, time=46.46s
iter 30000: dev acc=0.2470
new highscore
Iter 31000: loss=3067.9353, time=48.00s
iter 31000: dev acc=0.2489
new highscore
Iter 32000: loss=3130.2644, time=49.57s
iter 32000: dev acc=0.2498
new highscore
Iter 33000: loss=2928.2353, time=51.14s
iter 33000: dev acc=0.2489
Iter 34000: loss=3016.4069, time=52.68s
iter 34000: dev acc=0.2470
Shuffling training data
Iter 35000: loss=2847.9136, time=54.22s
iter 35000: dev acc=0.2470
Iter 36000: loss=2842.0395, time=55.75s
iter 36000: dev acc=0.2498
Iter 37000: loss=2814.7293, time=57.28s
iter 37000: dev acc=0.2489
Iter 38000: loss=2847.0682, time=58.81s
iter 38000: dev acc=0.2489
Iter 39000: loss=2634.2409, time=60.39s
iter 39000: dev acc=0.2534
new highscore
Iter 40000: loss=2792.6199, time=61.78s
iter 40000: dev acc=0.2543
new highscore
Iter 41000: loss=2836.8506, time=63.17s
iter 41000: dev acc=0.2552
new highscore
Iter 42000: loss=2676.2363, time=64.55s
iter 42000: dev acc=0.2534
Shuffling training data
Iter 43000: loss=2663.1730, time=65.99s
iter 43000: dev acc=0.2552
Iter 44000: loss=2440.0003, time=67.52s
iter 44000: dev acc=0.2525
Iter 45000: loss=2596.5504, time=69.04s
iter 45000: dev acc=0.2534
Iter 46000: loss=2429.3078, time=70.57s
iter 46000: dev acc=0.2579
new highscore
Iter 47000: loss=2408.1791, time=71.97s
iter 47000: dev acc=0.2589
new highscore
Iter 48000: loss=2484.0321, time=73.61s
iter 48000: dev acc=0.2552
Iter 49000: loss=2580.7360, time=75.13s
iter 49000: dev acc=0.2570
Iter 50000: loss=2403.2341, time=76.71s
iter 50000: dev acc=0.2579
Iter 51000: loss=2495.1709, time=78.26s
iter 51000: dev acc=0.2552
Shuffling training data
Iter 52000: loss=2379.9937, time=79.82s
iter 52000: dev acc=0.2579
Iter 53000: loss=2288.6747, time=81.35s
iter 53000: dev acc=0.2589
Iter 54000: loss=2305.0354, time=82.88s
iter 54000: dev acc=0.2589
Iter 55000: loss=2312.5656, time=84.41s
iter 55000: dev acc=0.2561
Iter 56000: loss=2275.8395, time=85.94s
iter 56000: dev acc=0.2579
Iter 57000: loss=2225.8479, time=87.47s
iter 57000: dev acc=0.2579
Iter 58000: loss=2281.9679, time=89.00s
iter 58000: dev acc=0.2589
Iter 59000: loss=2212.9356, time=90.53s
iter 59000: dev acc=0.2561
Shuffling training data
Iter 60000: loss=2220.2851, time=92.10s
iter 60000: dev acc=0.2598
new highscore
Iter 61000: loss=2151.3224, time=93.64s
iter 61000: dev acc=0.2561
Iter 62000: loss=2158.1000, time=95.17s
iter 62000: dev acc=0.2570
Iter 63000: loss=2023.4693, time=96.69s
iter 63000: dev acc=0.2607
new highscore
Iter 64000: loss=2023.0309, time=98.23s
iter 64000: dev acc=0.2607
Iter 65000: loss=2037.9891, time=99.76s
iter 65000: dev acc=0.2561
Iter 66000: loss=2062.1968, time=101.28s
iter 66000: dev acc=0.2561
Iter 67000: loss=2080.5239, time=102.86s
iter 67000: dev acc=0.2607
Iter 68000: loss=1963.1896, time=104.38s
iter 68000: dev acc=0.2670
new highscore
Shuffling training data
Iter 69000: loss=1926.7144, time=105.96s
iter 69000: dev acc=0.2616
Iter 70000: loss=1885.3134, time=107.49s
iter 70000: dev acc=0.2643
Iter 71000: loss=1827.1729, time=109.02s
iter 71000: dev acc=0.2634
Iter 72000: loss=2005.5006, time=110.55s
iter 72000: dev acc=0.2634
Iter 73000: loss=1822.8260, time=112.08s
iter 73000: dev acc=0.2643
Iter 74000: loss=1864.6728, time=113.63s
iter 74000: dev acc=0.2570
Iter 75000: loss=1896.2776, time=115.18s
iter 75000: dev acc=0.2634
Iter 76000: loss=1853.1414, time=116.71s
iter 76000: dev acc=0.2679
new highscore
Shuffling training data
Iter 77000: loss=1925.1082, time=118.28s
iter 77000: dev acc=0.2670
Iter 78000: loss=1767.1792, time=119.83s
iter 78000: dev acc=0.2616
Iter 79000: loss=1749.4528, time=121.35s
iter 79000: dev acc=0.2652
Iter 80000: loss=1647.4877, time=122.90s
iter 80000: dev acc=0.2661
Iter 81000: loss=1791.5547, time=124.43s
iter 81000: dev acc=0.2643
Iter 82000: loss=1820.7086, time=125.97s
iter 82000: dev acc=0.2670
Iter 83000: loss=1692.3763, time=127.50s
iter 83000: dev acc=0.2652
Iter 84000: loss=1660.9312, time=129.02s
iter 84000: dev acc=0.2670
Iter 85000: loss=1732.3708, time=130.54s
iter 85000: dev acc=0.2688
new highscore
Shuffling training data
Iter 86000: loss=1614.5401, time=132.12s
iter 86000: dev acc=0.2698
new highscore
Iter 87000: loss=1625.7762, time=133.68s
iter 87000: dev acc=0.2670
Iter 88000: loss=1577.4103, time=135.21s
iter 88000: dev acc=0.2716
new highscore
Iter 89000: loss=1579.5534, time=136.75s
iter 89000: dev acc=0.2716
Iter 90000: loss=1615.2394, time=138.28s
iter 90000: dev acc=0.2698
Iter 91000: loss=1672.2993, time=139.82s
iter 91000: dev acc=0.2698
Iter 92000: loss=1599.8330, time=141.34s
iter 92000: dev acc=0.2707
Iter 93000: loss=1698.6456, time=142.89s
iter 93000: dev acc=0.2698
Shuffling training data
Iter 94000: loss=1465.3434, time=144.43s
iter 94000: dev acc=0.2707
Iter 95000: loss=1430.4499, time=145.95s
iter 95000: dev acc=0.2652
Iter 96000: loss=1547.2166, time=147.47s
iter 96000: dev acc=0.2761
new highscore
Iter 97000: loss=1393.6036, time=149.03s
iter 97000: dev acc=0.2807
new highscore
Iter 98000: loss=1503.1569, time=150.56s
iter 98000: dev acc=0.2752
Iter 99000: loss=1481.6568, time=152.09s
iter 99000: dev acc=0.2734
Iter 100000: loss=1373.3746, time=153.61s
iter 100000: dev acc=0.2761
Iter 101000: loss=1532.9519, time=155.20s
iter 101000: dev acc=0.2707
Iter 102000: loss=1514.2190, time=156.76s
iter 102000: dev acc=0.2725
Shuffling training data
Iter 103000: loss=1408.1854, time=158.30s
iter 103000: dev acc=0.2688
Iter 104000: loss=1307.6233, time=159.87s
iter 104000: dev acc=0.2761
Iter 105000: loss=1411.4261, time=161.41s
iter 105000: dev acc=0.2761
Iter 106000: loss=1339.4930, time=163.01s
iter 106000: dev acc=0.2743
Iter 107000: loss=1395.0886, time=164.54s
iter 107000: dev acc=0.2725
Iter 108000: loss=1349.1235, time=166.08s
iter 108000: dev acc=0.2716
Iter 109000: loss=1464.9383, time=167.61s
iter 109000: dev acc=0.2716
Iter 110000: loss=1338.0941, time=169.16s
iter 110000: dev acc=0.2743
Iter 111000: loss=1371.9771, time=170.68s
iter 111000: dev acc=0.2761
Shuffling training data
Iter 112000: loss=1168.0869, time=172.21s
iter 112000: dev acc=0.2752
Iter 113000: loss=1352.1933, time=173.73s
iter 113000: dev acc=0.2788
Iter 114000: loss=1215.7298, time=175.28s
iter 114000: dev acc=0.2797
Iter 115000: loss=1277.5889, time=176.81s
iter 115000: dev acc=0.2779
Iter 116000: loss=1303.0953, time=178.34s
iter 116000: dev acc=0.2788
Iter 117000: loss=1265.6599, time=179.88s
iter 117000: dev acc=0.2788
Stopping early because there was no improvement for 20000 steps
Done training
Loading best model
best model iter 97000: train acc=0.5435, dev acc=0.2807, test acc=0.2968
Training new model with seed 1
==================================================
Shuffling training data
Iter 1000: loss=5589.6619, time=1.22s
iter 1000: dev acc=0.1817
new highscore
Iter 2000: loss=4986.8884, time=2.77s
iter 2000: dev acc=0.1817
Iter 3000: loss=4928.9850, time=4.30s
iter 3000: dev acc=0.1889
new highscore
Iter 4000: loss=4757.1249, time=5.84s
iter 4000: dev acc=0.1998
new highscore
Iter 5000: loss=4502.2627, time=7.41s
iter 5000: dev acc=0.2035
new highscore
Iter 6000: loss=4782.6868, time=8.96s
iter 6000: dev acc=0.2080
new highscore
Iter 7000: loss=4351.3272, time=10.51s
iter 7000: dev acc=0.2125
new highscore
Iter 8000: loss=4481.1040, time=12.06s
iter 8000: dev acc=0.2134
new highscore
Shuffling training data
Iter 9000: loss=4371.4035, time=13.66s
iter 9000: dev acc=0.2171
new highscore
Iter 10000: loss=4189.5626, time=15.21s
iter 10000: dev acc=0.2225
new highscore
Iter 11000: loss=4016.5685, time=16.77s
iter 11000: dev acc=0.2216
Iter 12000: loss=4116.6954, time=18.32s
iter 12000: dev acc=0.2280
new highscore
Iter 13000: loss=4075.4236, time=19.89s
iter 13000: dev acc=0.2298
new highscore
Iter 14000: loss=3977.9944, time=21.44s
iter 14000: dev acc=0.2316
new highscore
Iter 15000: loss=3869.3145, time=23.00s
iter 15000: dev acc=0.2307
Iter 16000: loss=3908.9587, time=24.54s
iter 16000: dev acc=0.2298
Iter 17000: loss=3748.2846, time=26.10s
iter 17000: dev acc=0.2334
new highscore
Shuffling training data
Iter 18000: loss=3705.1018, time=27.70s
iter 18000: dev acc=0.2352
new highscore
Iter 19000: loss=3674.1024, time=29.24s
iter 19000: dev acc=0.2371
new highscore
Iter 20000: loss=3461.3584, time=30.79s
iter 20000: dev acc=0.2407
new highscore
Iter 21000: loss=3484.2043, time=32.41s
iter 21000: dev acc=0.2452
new highscore
Iter 22000: loss=3475.4780, time=33.99s
iter 22000: dev acc=0.2407
Iter 23000: loss=3341.9028, time=35.52s
iter 23000: dev acc=0.2498
new highscore
Iter 24000: loss=3472.6487, time=37.09s
iter 24000: dev acc=0.2489
Iter 25000: loss=3388.7242, time=38.63s
iter 25000: dev acc=0.2516
new highscore
Shuffling training data
Iter 26000: loss=3555.2669, time=40.18s
iter 26000: dev acc=0.2498
Iter 27000: loss=3364.5250, time=41.77s
iter 27000: dev acc=0.2525
new highscore
Iter 28000: loss=3238.0367, time=43.34s
iter 28000: dev acc=0.2507
Iter 29000: loss=3086.6116, time=44.88s
iter 29000: dev acc=0.2561
new highscore
Iter 30000: loss=3201.0281, time=46.44s
iter 30000: dev acc=0.2561
Iter 31000: loss=2924.2024, time=47.98s
iter 31000: dev acc=0.2589
new highscore
Iter 32000: loss=2963.1580, time=49.52s
iter 32000: dev acc=0.2570
Iter 33000: loss=3078.4937, time=51.06s
iter 33000: dev acc=0.2616
new highscore
Iter 34000: loss=2875.3075, time=52.63s
iter 34000: dev acc=0.2598
Shuffling training data
Iter 35000: loss=2798.8356, time=54.18s
iter 35000: dev acc=0.2625
new highscore
Iter 36000: loss=2883.0478, time=55.72s
iter 36000: dev acc=0.2643
new highscore
Iter 37000: loss=2815.7280, time=57.29s
iter 37000: dev acc=0.2643
Iter 38000: loss=2835.0073, time=58.81s
iter 38000: dev acc=0.2625
Iter 39000: loss=2868.1340, time=60.35s
iter 39000: dev acc=0.2679
new highscore
Iter 40000: loss=2758.9412, time=62.01s
iter 40000: dev acc=0.2688
new highscore
Iter 41000: loss=2656.4880, time=63.56s
iter 41000: dev acc=0.2679
Iter 42000: loss=2747.0314, time=65.10s
iter 42000: dev acc=0.2688
Shuffling training data
Iter 43000: loss=2752.4307, time=66.64s
iter 43000: dev acc=0.2698
new highscore
Iter 44000: loss=2507.9571, time=68.18s
iter 44000: dev acc=0.2716
new highscore
Iter 45000: loss=2571.8522, time=69.76s
iter 45000: dev acc=0.2716
Iter 46000: loss=2517.0547, time=71.29s
iter 46000: dev acc=0.2743
new highscore
Iter 47000: loss=2426.3029, time=72.83s
iter 47000: dev acc=0.2752
new highscore
Iter 48000: loss=2620.5570, time=74.39s
iter 48000: dev acc=0.2707
Iter 49000: loss=2546.6431, time=75.92s
iter 49000: dev acc=0.2752
Iter 50000: loss=2352.4892, time=77.49s
iter 50000: dev acc=0.2743
Iter 51000: loss=2572.1983, time=79.05s
iter 51000: dev acc=0.2788
new highscore
Shuffling training data
Iter 52000: loss=2442.6052, time=80.63s
iter 52000: dev acc=0.2779
Iter 53000: loss=2382.1547, time=82.17s
iter 53000: dev acc=0.2788
Iter 54000: loss=2402.0102, time=83.71s
iter 54000: dev acc=0.2807
new highscore
Iter 55000: loss=2369.2725, time=85.27s
iter 55000: dev acc=0.2807
Iter 56000: loss=2446.3627, time=86.82s
iter 56000: dev acc=0.2797
Iter 57000: loss=2073.0462, time=88.36s
iter 57000: dev acc=0.2807
Iter 58000: loss=2227.1392, time=89.90s
iter 58000: dev acc=0.2797
Iter 59000: loss=2126.8332, time=91.48s
iter 59000: dev acc=0.2807
Shuffling training data
Iter 60000: loss=2230.9111, time=93.02s
iter 60000: dev acc=0.2834
new highscore
Iter 61000: loss=2050.9551, time=94.57s
iter 61000: dev acc=0.2825
Iter 62000: loss=2202.4248, time=96.11s
iter 62000: dev acc=0.2852
new highscore
Iter 63000: loss=2013.8142, time=97.65s
iter 63000: dev acc=0.2843
Iter 64000: loss=2166.5196, time=99.21s
iter 64000: dev acc=0.2879
new highscore
Iter 65000: loss=2093.2818, time=100.76s
iter 65000: dev acc=0.2843
Iter 66000: loss=2001.3989, time=102.29s
iter 66000: dev acc=0.2925
new highscore
Iter 67000: loss=2136.6058, time=103.86s
iter 67000: dev acc=0.2888
Iter 68000: loss=2090.2241, time=105.43s
iter 68000: dev acc=0.2897
Shuffling training data
Iter 69000: loss=1894.3265, time=107.00s
iter 69000: dev acc=0.2916
Iter 70000: loss=2011.0679, time=108.55s
iter 70000: dev acc=0.2952
new highscore
Iter 71000: loss=1961.2641, time=110.17s
iter 71000: dev acc=0.2916
Iter 72000: loss=1900.0181, time=111.71s
iter 72000: dev acc=0.2870
Iter 73000: loss=1894.1151, time=113.24s
iter 73000: dev acc=0.2861
Iter 74000: loss=1934.6045, time=114.77s
iter 74000: dev acc=0.2916
Iter 75000: loss=1866.5360, time=116.31s
iter 75000: dev acc=0.2916
Iter 76000: loss=1878.8633, time=117.87s
iter 76000: dev acc=0.2961
new highscore
Shuffling training data
Iter 77000: loss=1945.2415, time=119.42s
iter 77000: dev acc=0.2925
Iter 78000: loss=1838.1749, time=120.94s
iter 78000: dev acc=0.2925
Iter 79000: loss=1759.7033, time=122.49s
iter 79000: dev acc=0.2961
Iter 80000: loss=1704.2778, time=124.03s
iter 80000: dev acc=0.2988
new highscore
Iter 81000: loss=1787.9015, time=125.58s
iter 81000: dev acc=0.2988
Iter 82000: loss=1808.4407, time=127.11s
iter 82000: dev acc=0.2997
new highscore
Iter 83000: loss=1712.9986, time=128.70s
iter 83000: dev acc=0.3034
new highscore
Iter 84000: loss=1642.4140, time=130.32s
iter 84000: dev acc=0.2970
Iter 85000: loss=1806.1569, time=131.86s
iter 85000: dev acc=0.3006
Shuffling training data
Iter 86000: loss=1731.9993, time=133.40s
iter 86000: dev acc=0.2943
Iter 87000: loss=1575.9215, time=134.96s
iter 87000: dev acc=0.2970
Iter 88000: loss=1595.0422, time=136.49s
iter 88000: dev acc=0.2988
Iter 89000: loss=1586.3424, time=138.06s
iter 89000: dev acc=0.2997
Iter 90000: loss=1631.2443, time=139.60s
iter 90000: dev acc=0.3025
Iter 91000: loss=1693.5934, time=141.14s
iter 91000: dev acc=0.3088
new highscore
Iter 92000: loss=1631.4161, time=142.54s
iter 92000: dev acc=0.3088
Iter 93000: loss=1504.1582, time=143.93s
iter 93000: dev acc=0.3106
new highscore
Shuffling training data
Iter 94000: loss=1748.4955, time=145.50s
iter 94000: dev acc=0.3061
Iter 95000: loss=1530.0348, time=147.04s
iter 95000: dev acc=0.3079
Iter 96000: loss=1483.3713, time=148.57s
iter 96000: dev acc=0.3079
Iter 97000: loss=1423.2592, time=150.16s
iter 97000: dev acc=0.3025
Iter 98000: loss=1492.8335, time=151.69s
iter 98000: dev acc=0.3097
Iter 99000: loss=1387.8158, time=153.22s
iter 99000: dev acc=0.3143
new highscore
Iter 100000: loss=1458.9087, time=154.77s
iter 100000: dev acc=0.3152
new highscore
Iter 101000: loss=1543.3276, time=156.33s
iter 101000: dev acc=0.3161
new highscore
Iter 102000: loss=1611.9186, time=157.89s
iter 102000: dev acc=0.3106
Shuffling training data
Iter 103000: loss=1501.0426, time=159.48s
iter 103000: dev acc=0.3161
Iter 104000: loss=1374.1746, time=161.03s
iter 104000: dev acc=0.3170
new highscore
Iter 105000: loss=1418.9416, time=162.58s
iter 105000: dev acc=0.3152
Iter 106000: loss=1403.7103, time=164.11s
iter 106000: dev acc=0.3097
Iter 107000: loss=1334.5603, time=165.67s
iter 107000: dev acc=0.3134
Iter 108000: loss=1393.9948, time=167.19s
iter 108000: dev acc=0.3143
Iter 109000: loss=1368.9974, time=168.72s
iter 109000: dev acc=0.3179
new highscore
Iter 110000: loss=1496.3567, time=170.28s
iter 110000: dev acc=0.3197
new highscore
Iter 111000: loss=1273.3695, time=171.83s
iter 111000: dev acc=0.3170
Shuffling training data
Iter 112000: loss=1308.1847, time=173.37s
iter 112000: dev acc=0.3197
Iter 113000: loss=1287.1807, time=174.92s
iter 113000: dev acc=0.3134
Iter 114000: loss=1234.3707, time=176.46s
iter 114000: dev acc=0.3179
Iter 115000: loss=1344.1564, time=177.99s
iter 115000: dev acc=0.3170
Iter 116000: loss=1296.3092, time=179.55s
iter 116000: dev acc=0.3152
Iter 117000: loss=1354.7713, time=181.07s
iter 117000: dev acc=0.3161
Iter 118000: loss=1249.4920, time=182.60s
iter 118000: dev acc=0.3134
Iter 119000: loss=1278.3319, time=184.12s
iter 119000: dev acc=0.3134
Shuffling training data
Iter 120000: loss=1170.9527, time=185.66s
iter 120000: dev acc=0.3115
Iter 121000: loss=1156.4115, time=187.18s
iter 121000: dev acc=0.3206
new highscore
Iter 122000: loss=1213.6812, time=188.73s
iter 122000: dev acc=0.3143
Iter 123000: loss=1111.9226, time=190.28s
iter 123000: dev acc=0.3161
Iter 124000: loss=1160.6279, time=191.82s
iter 124000: dev acc=0.3170
Iter 125000: loss=1240.5423, time=193.35s
iter 125000: dev acc=0.3143
Iter 126000: loss=1254.5882, time=194.89s
iter 126000: dev acc=0.3179
Iter 127000: loss=1211.7601, time=196.44s
iter 127000: dev acc=0.3152
Iter 128000: loss=1220.2449, time=198.00s
iter 128000: dev acc=0.3161
Shuffling training data
Iter 129000: loss=1191.0134, time=199.55s
iter 129000: dev acc=0.3097
Iter 130000: loss=1206.5974, time=201.15s
iter 130000: dev acc=0.3161
Iter 131000: loss=1096.2290, time=202.68s
iter 131000: dev acc=0.3170
Iter 132000: loss=1098.4064, time=204.13s
iter 132000: dev acc=0.3179
Iter 133000: loss=1144.5057, time=205.52s
iter 133000: dev acc=0.3233
new highscore
Iter 134000: loss=995.0745, time=206.92s
iter 134000: dev acc=0.3197
Iter 135000: loss=1113.9259, time=208.31s
iter 135000: dev acc=0.3197
Iter 136000: loss=1113.1045, time=209.69s
iter 136000: dev acc=0.3188
Shuffling training data
Iter 137000: loss=1028.9620, time=211.08s
iter 137000: dev acc=0.3170
Iter 138000: loss=1022.5390, time=212.47s
iter 138000: dev acc=0.3188
Iter 139000: loss=1014.8609, time=213.85s
iter 139000: dev acc=0.3252
new highscore
Iter 140000: loss=1108.1424, time=215.25s
iter 140000: dev acc=0.3261
new highscore
Iter 141000: loss=1061.0367, time=216.64s
iter 141000: dev acc=0.3243
Iter 142000: loss=1054.6543, time=218.19s
iter 142000: dev acc=0.3233
Iter 143000: loss=956.7432, time=219.75s
iter 143000: dev acc=0.3224
Iter 144000: loss=1069.8811, time=221.29s
iter 144000: dev acc=0.3252
Iter 145000: loss=1013.7598, time=222.82s
iter 145000: dev acc=0.3252
Shuffling training data
Iter 146000: loss=957.7771, time=224.37s
iter 146000: dev acc=0.3179
Iter 147000: loss=949.0743, time=225.91s
iter 147000: dev acc=0.3243
Iter 148000: loss=970.6703, time=227.44s
iter 148000: dev acc=0.3224
Iter 149000: loss=985.5961, time=229.05s
iter 149000: dev acc=0.3233
Iter 150000: loss=930.7200, time=230.58s
iter 150000: dev acc=0.3252
Iter 151000: loss=1006.4468, time=232.14s
iter 151000: dev acc=0.3188
Iter 152000: loss=978.9492, time=233.68s
iter 152000: dev acc=0.3179
Iter 153000: loss=933.9659, time=235.21s
iter 153000: dev acc=0.3233
Shuffling training data
Iter 154000: loss=951.3087, time=236.75s
iter 154000: dev acc=0.3270
new highscore
Iter 155000: loss=897.2386, time=238.29s
iter 155000: dev acc=0.3252
Iter 156000: loss=917.3684, time=239.83s
iter 156000: dev acc=0.3224
Iter 157000: loss=864.2625, time=241.40s
iter 157000: dev acc=0.3215
Iter 158000: loss=886.3504, time=243.00s
iter 158000: dev acc=0.3233
Iter 159000: loss=879.2611, time=244.53s
iter 159000: dev acc=0.3224
Iter 160000: loss=869.9412, time=246.13s
iter 160000: dev acc=0.3252
Iter 161000: loss=904.6756, time=247.67s
iter 161000: dev acc=0.3243
Iter 162000: loss=988.8488, time=249.22s
iter 162000: dev acc=0.3270
Shuffling training data
Iter 163000: loss=826.7899, time=250.77s
iter 163000: dev acc=0.3297
new highscore
Iter 164000: loss=837.2374, time=252.31s
iter 164000: dev acc=0.3261
Iter 165000: loss=845.3953, time=253.87s
iter 165000: dev acc=0.3188
Iter 166000: loss=910.5791, time=255.45s
iter 166000: dev acc=0.3233
Iter 167000: loss=795.4423, time=256.99s
iter 167000: dev acc=0.3224
Iter 168000: loss=835.7241, time=258.53s
iter 168000: dev acc=0.3206
Iter 169000: loss=787.7376, time=260.12s
iter 169000: dev acc=0.3243
Iter 170000: loss=854.7109, time=261.67s
iter 170000: dev acc=0.3297
Shuffling training data
Iter 171000: loss=871.4532, time=263.22s
iter 171000: dev acc=0.3233
Iter 172000: loss=703.6545, time=264.76s
iter 172000: dev acc=0.3261
Iter 173000: loss=715.2023, time=266.31s
iter 173000: dev acc=0.3252
Iter 174000: loss=772.8963, time=267.84s
iter 174000: dev acc=0.3233
Iter 175000: loss=842.4372, time=269.39s
iter 175000: dev acc=0.3224
Iter 176000: loss=802.4917, time=270.93s
iter 176000: dev acc=0.3279
Iter 177000: loss=852.7843, time=272.53s
iter 177000: dev acc=0.3224
Iter 178000: loss=790.2585, time=274.07s
iter 178000: dev acc=0.3252
Iter 179000: loss=811.7305, time=275.61s
iter 179000: dev acc=0.3288
Shuffling training data
Iter 180000: loss=786.4446, time=277.15s
iter 180000: dev acc=0.3252
Iter 181000: loss=744.4989, time=278.70s
iter 181000: dev acc=0.3252
Iter 182000: loss=703.2067, time=280.25s
iter 182000: dev acc=0.3206
Iter 183000: loss=708.2309, time=281.78s
iter 183000: dev acc=0.3224
Stopping early because there was no improvement for 20000 steps
Done training
Loading best model
best model iter 163000: train acc=0.7093, dev acc=0.3297, test acc=0.3430
Training new model with seed 2
==================================================
Shuffling training data
Iter 1000: loss=5203.3491, time=1.24s
iter 1000: dev acc=0.1962
new highscore
Iter 2000: loss=4901.5977, time=2.77s
iter 2000: dev acc=0.2007
new highscore
Iter 3000: loss=4800.0059, time=4.34s
iter 3000: dev acc=0.2125
new highscore
Iter 4000: loss=4855.6770, time=5.90s
iter 4000: dev acc=0.2116
Iter 5000: loss=4460.5813, time=7.43s
iter 5000: dev acc=0.2171
new highscore
Iter 6000: loss=4475.8977, time=8.98s
iter 6000: dev acc=0.2234
new highscore
Iter 7000: loss=4390.8098, time=10.52s
iter 7000: dev acc=0.2252
new highscore
Iter 8000: loss=4148.2298, time=12.06s
iter 8000: dev acc=0.2243
Shuffling training data
Iter 9000: loss=4423.0582, time=13.61s
iter 9000: dev acc=0.2252
Iter 10000: loss=4239.5010, time=15.14s
iter 10000: dev acc=0.2262
new highscore
Iter 11000: loss=4140.8236, time=16.75s
iter 11000: dev acc=0.2280
new highscore
Iter 12000: loss=3905.4948, time=18.28s
iter 12000: dev acc=0.2352
new highscore
Iter 13000: loss=4144.9861, time=19.81s
iter 13000: dev acc=0.2361
new highscore
Iter 14000: loss=4011.5074, time=21.38s
iter 14000: dev acc=0.2389
new highscore
Iter 15000: loss=3738.2412, time=22.95s
iter 15000: dev acc=0.2371
Iter 16000: loss=3754.9306, time=24.48s
iter 16000: dev acc=0.2416
new highscore
Iter 17000: loss=3649.2264, time=26.05s
iter 17000: dev acc=0.2398
Shuffling training data
Iter 18000: loss=3793.9207, time=27.62s
iter 18000: dev acc=0.2425
new highscore
Iter 19000: loss=3680.2119, time=29.17s
iter 19000: dev acc=0.2452
new highscore
Iter 20000: loss=3639.0356, time=30.75s
iter 20000: dev acc=0.2461
new highscore
Iter 21000: loss=3443.6665, time=32.31s
iter 21000: dev acc=0.2461
Iter 22000: loss=3373.6665, time=33.84s
iter 22000: dev acc=0.2507
new highscore
Iter 23000: loss=3191.7865, time=35.40s
iter 23000: dev acc=0.2534
new highscore
Iter 24000: loss=3306.1115, time=36.95s
iter 24000: dev acc=0.2489
Iter 25000: loss=3412.8165, time=38.48s
iter 25000: dev acc=0.2507
Shuffling training data
Iter 26000: loss=3356.2749, time=40.02s
iter 26000: dev acc=0.2616
new highscore
Iter 27000: loss=3070.0327, time=41.56s
iter 27000: dev acc=0.2634
new highscore
Iter 28000: loss=3062.6008, time=43.10s
iter 28000: dev acc=0.2634
Iter 29000: loss=3037.9466, time=44.64s
iter 29000: dev acc=0.2698
new highscore
Iter 30000: loss=3055.7022, time=46.18s
iter 30000: dev acc=0.2625
Iter 31000: loss=3055.1433, time=47.71s
iter 31000: dev acc=0.2688
Iter 32000: loss=2917.3673, time=49.24s
iter 32000: dev acc=0.2698
Iter 33000: loss=3098.9590, time=50.78s
iter 33000: dev acc=0.2670
Iter 34000: loss=3064.7687, time=52.31s
iter 34000: dev acc=0.2679
Shuffling training data
Iter 35000: loss=2791.4076, time=53.89s
iter 35000: dev acc=0.2716
new highscore
Iter 36000: loss=2637.3040, time=55.43s
iter 36000: dev acc=0.2707
Iter 37000: loss=2781.5247, time=56.96s
iter 37000: dev acc=0.2743
new highscore
Iter 38000: loss=2937.4484, time=58.52s
iter 38000: dev acc=0.2779
new highscore
Iter 39000: loss=2784.8299, time=60.07s
iter 39000: dev acc=0.2816
new highscore
Iter 40000: loss=2813.9103, time=61.61s
iter 40000: dev acc=0.2807
Iter 41000: loss=2731.7818, time=63.15s
iter 41000: dev acc=0.2807
Iter 42000: loss=2704.3118, time=64.70s
iter 42000: dev acc=0.2816
Shuffling training data
Iter 43000: loss=2500.4821, time=66.26s
iter 43000: dev acc=0.2843
new highscore
Iter 44000: loss=2506.0486, time=67.80s
iter 44000: dev acc=0.2861
new highscore
Iter 45000: loss=2660.7675, time=69.34s
iter 45000: dev acc=0.2888
new highscore
Iter 46000: loss=2404.7078, time=70.87s
iter 46000: dev acc=0.2888
Iter 47000: loss=2379.5337, time=72.41s
iter 47000: dev acc=0.2943
new highscore
Iter 48000: loss=2520.6199, time=73.97s
iter 48000: dev acc=0.2952
new highscore
Iter 49000: loss=2447.5887, time=75.51s
iter 49000: dev acc=0.2952
Iter 50000: loss=2475.0175, time=77.06s
iter 50000: dev acc=0.3025
new highscore
Iter 51000: loss=2425.5221, time=78.60s
iter 51000: dev acc=0.3043
new highscore
Shuffling training data
Iter 52000: loss=2348.2089, time=80.16s
iter 52000: dev acc=0.2997
Iter 53000: loss=2286.3798, time=81.69s
iter 53000: dev acc=0.3043
Iter 54000: loss=2309.9566, time=83.31s
iter 54000: dev acc=0.3043
Iter 55000: loss=2177.5583, time=84.85s
iter 55000: dev acc=0.3043
Iter 56000: loss=2254.2703, time=86.42s
iter 56000: dev acc=0.3088
new highscore
Iter 57000: loss=2249.2314, time=87.97s
iter 57000: dev acc=0.3115
new highscore
Iter 58000: loss=2292.9758, time=89.52s
iter 58000: dev acc=0.3115
Iter 59000: loss=2157.0974, time=91.07s
iter 59000: dev acc=0.3088
Shuffling training data
Iter 60000: loss=2203.1523, time=92.63s
iter 60000: dev acc=0.3134
new highscore
Iter 61000: loss=2079.7254, time=94.19s
iter 61000: dev acc=0.3134
Iter 62000: loss=2046.1871, time=95.72s
iter 62000: dev acc=0.3088
Iter 63000: loss=1983.9715, time=97.26s
iter 63000: dev acc=0.3079
Iter 64000: loss=2073.1198, time=98.79s
iter 64000: dev acc=0.3070
Iter 65000: loss=2024.2242, time=100.32s
iter 65000: dev acc=0.3097
Iter 66000: loss=2056.3552, time=101.85s
iter 66000: dev acc=0.3152
new highscore
Iter 67000: loss=2107.9158, time=103.38s
iter 67000: dev acc=0.3115
Iter 68000: loss=2067.8779, time=104.79s
iter 68000: dev acc=0.3088
Shuffling training data
Iter 69000: loss=1941.1292, time=106.33s
iter 69000: dev acc=0.3161
new highscore
Iter 70000: loss=1807.0889, time=107.87s
iter 70000: dev acc=0.3134
Iter 71000: loss=1899.8761, time=109.40s
iter 71000: dev acc=0.3252
new highscore
Iter 72000: loss=1934.1037, time=110.98s
iter 72000: dev acc=0.3134
Iter 73000: loss=1967.9494, time=112.52s
iter 73000: dev acc=0.3134
Iter 74000: loss=1863.3755, time=114.06s
iter 74000: dev acc=0.3161
Iter 75000: loss=1847.5869, time=115.60s
iter 75000: dev acc=0.3215
Iter 76000: loss=1807.3813, time=117.13s
iter 76000: dev acc=0.3206
Shuffling training data
Iter 77000: loss=1903.0422, time=118.67s
iter 77000: dev acc=0.3197
Iter 78000: loss=1663.9102, time=120.21s
iter 78000: dev acc=0.3243
Iter 79000: loss=1778.7939, time=121.76s
iter 79000: dev acc=0.3261
new highscore
Iter 80000: loss=1749.1848, time=123.32s
iter 80000: dev acc=0.3252
Iter 81000: loss=1699.4013, time=124.87s
iter 81000: dev acc=0.3233
Iter 82000: loss=1673.5192, time=126.40s
iter 82000: dev acc=0.3261
Iter 83000: loss=1740.2804, time=127.93s
iter 83000: dev acc=0.3279
new highscore
Iter 84000: loss=1839.1799, time=129.47s
iter 84000: dev acc=0.3252
Iter 85000: loss=1727.6548, time=131.00s
iter 85000: dev acc=0.3243
Shuffling training data
Iter 86000: loss=1622.2035, time=132.57s
iter 86000: dev acc=0.3315
new highscore
Iter 87000: loss=1547.5859, time=134.13s
iter 87000: dev acc=0.3324
new highscore
Iter 88000: loss=1605.9814, time=135.68s
iter 88000: dev acc=0.3324
Iter 89000: loss=1646.6409, time=137.21s
iter 89000: dev acc=0.3288
Iter 90000: loss=1550.3936, time=138.74s
iter 90000: dev acc=0.3288
Iter 91000: loss=1605.8005, time=140.27s
iter 91000: dev acc=0.3288
Iter 92000: loss=1596.9765, time=141.81s
iter 92000: dev acc=0.3224
Iter 93000: loss=1540.5108, time=143.36s
iter 93000: dev acc=0.3252
Shuffling training data
Iter 94000: loss=1610.4702, time=144.94s
iter 94000: dev acc=0.3297
Iter 95000: loss=1560.2757, time=146.48s
iter 95000: dev acc=0.3270
Iter 96000: loss=1458.1324, time=148.02s
iter 96000: dev acc=0.3279
Iter 97000: loss=1466.9432, time=149.57s
iter 97000: dev acc=0.3361
new highscore
Iter 98000: loss=1509.0807, time=151.10s
iter 98000: dev acc=0.3342
Iter 99000: loss=1489.7631, time=152.65s
iter 99000: dev acc=0.3261
Iter 100000: loss=1395.6793, time=154.19s
iter 100000: dev acc=0.3288
Iter 101000: loss=1377.2002, time=155.72s
iter 101000: dev acc=0.3324
Iter 102000: loss=1487.6043, time=157.25s
iter 102000: dev acc=0.3342
Shuffling training data
Iter 103000: loss=1402.2337, time=158.65s
iter 103000: dev acc=0.3324
Iter 104000: loss=1384.3946, time=160.03s
iter 104000: dev acc=0.3361
Iter 105000: loss=1328.0707, time=161.41s
iter 105000: dev acc=0.3397
new highscore
Iter 106000: loss=1292.8642, time=162.96s
iter 106000: dev acc=0.3397
Iter 107000: loss=1305.1120, time=164.50s
iter 107000: dev acc=0.3379
Iter 108000: loss=1378.2090, time=166.03s
iter 108000: dev acc=0.3342
Iter 109000: loss=1435.6624, time=167.58s
iter 109000: dev acc=0.3342
Iter 110000: loss=1377.5767, time=169.10s
iter 110000: dev acc=0.3388
Iter 111000: loss=1419.1638, time=170.65s
iter 111000: dev acc=0.3351
Shuffling training data
Iter 112000: loss=1197.4945, time=172.19s
iter 112000: dev acc=0.3306
Iter 113000: loss=1195.6217, time=173.74s
iter 113000: dev acc=0.3351
Iter 114000: loss=1248.7559, time=175.26s
iter 114000: dev acc=0.3406
new highscore
Iter 115000: loss=1284.8610, time=176.83s
iter 115000: dev acc=0.3442
new highscore
Iter 116000: loss=1257.4196, time=178.38s
iter 116000: dev acc=0.3479
new highscore
Iter 117000: loss=1202.3081, time=179.92s
iter 117000: dev acc=0.3415
Iter 118000: loss=1349.7105, time=181.45s
iter 118000: dev acc=0.3397
Iter 119000: loss=1295.9187, time=183.00s
iter 119000: dev acc=0.3361
Shuffling training data
Iter 120000: loss=1275.4455, time=184.54s
iter 120000: dev acc=0.3406
Iter 121000: loss=1150.3151, time=186.08s
iter 121000: dev acc=0.3451
Iter 122000: loss=1123.2653, time=187.62s
iter 122000: dev acc=0.3424
Iter 123000: loss=1201.7251, time=189.16s
iter 123000: dev acc=0.3424
Iter 124000: loss=1218.1393, time=190.69s
iter 124000: dev acc=0.3424
Iter 125000: loss=1106.8992, time=192.30s
iter 125000: dev acc=0.3388
Iter 126000: loss=1130.5544, time=193.89s
iter 126000: dev acc=0.3424
Iter 127000: loss=1215.2140, time=195.64s
iter 127000: dev acc=0.3470
Iter 128000: loss=1226.4018, time=197.17s
iter 128000: dev acc=0.3442
Shuffling training data
Iter 129000: loss=1049.1192, time=198.71s
iter 129000: dev acc=0.3424
Iter 130000: loss=1124.4727, time=200.75s
iter 130000: dev acc=0.3506
new highscore
Iter 131000: loss=1135.3600, time=202.82s
iter 131000: dev acc=0.3470
Iter 132000: loss=1092.2697, time=204.68s
iter 132000: dev acc=0.3470
Iter 133000: loss=1081.0647, time=206.22s
iter 133000: dev acc=0.3442
Iter 134000: loss=1085.7338, time=207.76s
iter 134000: dev acc=0.3451
Iter 135000: loss=1039.8028, time=209.29s
iter 135000: dev acc=0.3470
Iter 136000: loss=1102.0176, time=210.83s
iter 136000: dev acc=0.3451
Shuffling training data
Iter 137000: loss=1061.9557, time=212.37s
iter 137000: dev acc=0.3460
Iter 138000: loss=979.1022, time=213.91s
iter 138000: dev acc=0.3497
Iter 139000: loss=986.5713, time=215.43s
iter 139000: dev acc=0.3497
Iter 140000: loss=993.5315, time=216.96s
iter 140000: dev acc=0.3515
new highscore
Iter 141000: loss=1004.1864, time=218.50s
iter 141000: dev acc=0.3515
Iter 142000: loss=1101.4394, time=220.03s
iter 142000: dev acc=0.3479
Iter 143000: loss=1005.6559, time=221.56s
iter 143000: dev acc=0.3506
Iter 144000: loss=1025.8913, time=223.09s
iter 144000: dev acc=0.3460
Iter 145000: loss=1030.8880, time=224.62s
iter 145000: dev acc=0.3533
new highscore
Shuffling training data
Iter 146000: loss=944.5345, time=226.31s
iter 146000: dev acc=0.3506
Iter 147000: loss=1005.5346, time=228.37s
iter 147000: dev acc=0.3515
Iter 148000: loss=936.1862, time=229.90s
iter 148000: dev acc=0.3542
new highscore
Iter 149000: loss=942.3208, time=231.97s
iter 149000: dev acc=0.3479
Iter 150000: loss=865.1781, time=233.69s
iter 150000: dev acc=0.3506
Iter 151000: loss=954.1156, time=235.22s
iter 151000: dev acc=0.3497
Iter 152000: loss=931.4688, time=236.75s
iter 152000: dev acc=0.3515
Iter 153000: loss=962.0240, time=238.28s
iter 153000: dev acc=0.3533
Shuffling training data
Iter 154000: loss=925.0720, time=240.07s
iter 154000: dev acc=0.3515
Iter 155000: loss=869.7890, time=241.60s
iter 155000: dev acc=0.3524
Iter 156000: loss=838.4260, time=243.14s
iter 156000: dev acc=0.3515
Iter 157000: loss=877.5465, time=244.67s
iter 157000: dev acc=0.3497
Iter 158000: loss=945.9429, time=246.19s
iter 158000: dev acc=0.3551
new highscore
Iter 159000: loss=849.2881, time=248.25s
iter 159000: dev acc=0.3524
Iter 160000: loss=923.5373, time=249.78s
iter 160000: dev acc=0.3579
new highscore
Iter 161000: loss=872.0807, time=251.84s
iter 161000: dev acc=0.3560
Iter 162000: loss=875.8351, time=253.37s
iter 162000: dev acc=0.3588
new highscore
Shuffling training data
Iter 163000: loss=855.5654, time=255.11s
iter 163000: dev acc=0.3551
Iter 164000: loss=806.4822, time=256.64s
iter 164000: dev acc=0.3533
Iter 165000: loss=819.9620, time=258.17s
iter 165000: dev acc=0.3524
Iter 166000: loss=840.8625, time=259.79s
iter 166000: dev acc=0.3533
Iter 167000: loss=777.4064, time=261.33s
iter 167000: dev acc=0.3515
Iter 168000: loss=812.3389, time=262.88s
iter 168000: dev acc=0.3533
Iter 169000: loss=854.0067, time=264.43s
iter 169000: dev acc=0.3551
Iter 170000: loss=874.0973, time=265.98s
iter 170000: dev acc=0.3569
Shuffling training data
Iter 171000: loss=795.7126, time=267.53s
iter 171000: dev acc=0.3569
Iter 172000: loss=767.7593, time=269.06s
iter 172000: dev acc=0.3569
Iter 173000: loss=780.7455, time=270.60s
iter 173000: dev acc=0.3588
Iter 174000: loss=721.7322, time=272.56s
iter 174000: dev acc=0.3588
Iter 175000: loss=801.1251, time=274.09s
iter 175000: dev acc=0.3579
Iter 176000: loss=745.8511, time=275.96s
iter 176000: dev acc=0.3551
Iter 177000: loss=829.5838, time=277.82s
iter 177000: dev acc=0.3542
Iter 178000: loss=746.6335, time=279.35s
iter 178000: dev acc=0.3533
Iter 179000: loss=808.4993, time=280.88s
iter 179000: dev acc=0.3551
Shuffling training data
Iter 180000: loss=714.6884, time=282.42s
iter 180000: dev acc=0.3542
Iter 181000: loss=747.5060, time=283.95s
iter 181000: dev acc=0.3588
Iter 182000: loss=742.6401, time=285.48s
iter 182000: dev acc=0.3560
Stopping early because there was no improvement for 20000 steps
Done training
Loading best model
best model iter 162000: train acc=0.7149, dev acc=0.3588, test acc=0.3575
Test accuracy: 0.3324283559577677 +- 0.02585484444912956
/home/lgpu0388/.conda/envs/dl2020/lib/python3.7/site-packages/numpy/core/_asarray.py:136: VisibleDeprecationWarning: Creating an ndarray from ragged nested sequences (which is a list-or-tuple of lists-or-tuples-or ndarrays with different lengths or shapes) is deprecated. If you meant to do this, you must specify 'dtype=object' when creating the ndarray
  return array(a, dtype, copy=False, order=order, subok=True)
